[2016-10-17 09:59:57] local.ERROR: exception 'PDOException' with message 'SQLSTATE[HY000] [1045] Access denied for user 'larave-magic-link'@'localhost' (using password: YES)' in C:\xampp\htdocs\dev\laravel-magic-link\vendor\laravel\framework\src\Illuminate\Database\Connectors\Connector.php:119
Stack trace:
#0 C:\xampp\htdocs\dev\laravel-magic-link\vendor\laravel\framework\src\Illuminate\Database\Connectors\Connector.php(119): PDO->__construct('mysql:host=loca...', 'larave-magic-li...', 'larave', Array)
#1 C:\xampp\htdocs\dev\laravel-magic-link\vendor\laravel\framework\src\Illuminate\Database\Connectors\Connector.php(56): Illuminate\Database\Connectors\Connector->createPdoConnection('mysql:host=loca...', 'larave-magic-li...', 'larave', Array)
#2 C:\xampp\htdocs\dev\laravel-magic-link\vendor\laravel\framework\src\Illuminate\Database\Connectors\MySqlConnector.php(24): Illuminate\Database\Connectors\Connector->createConnection('mysql:host=loca...', Array, Array)
#3 C:\xampp\htdocs\dev\laravel-magic-link\vendor\laravel\framework\src\Illuminate\Database\Connectors\ConnectionFactory.php(100): Illuminate\Database\Connectors\MySqlConnector->connect(Array)
#4 [internal function]: Illuminate\Database\Connectors\ConnectionFactory->Illuminate\Database\Connectors\{closure}()
#5 C:\xampp\htdocs\dev\laravel-magic-link\vendor\laravel\framework\src\Illuminate\Database\Connection.php(956): call_user_func(Object(Closure))
#6 C:\xampp\htdocs\dev\laravel-magic-link\vendor\laravel\framework\src\Illuminate\Database\Connection.php(824): Illuminate\Database\Connection->getPdo()
#7 C:\xampp\htdocs\dev\laravel-magic-link\vendor\laravel\framework\src\Illuminate\Database\Connection.php(709): Illuminate\Database\Connection->reconnectIfMissingConnection()
#8 C:\xampp\htdocs\dev\laravel-magic-link\vendor\laravel\framework\src\Illuminate\Database\Connection.php(351): Illuminate\Database\Connection->run('select * from i...', Array, Object(Closure))
#9 C:\xampp\htdocs\dev\laravel-magic-link\vendor\laravel\framework\src\Illuminate\Database\Schema\MySqlBuilder.php(21): Illuminate\Database\Connection->select('select * from i...', Array)
#10 C:\xampp\htdocs\dev\laravel-magic-link\vendor\laravel\framework\src\Illuminate\Database\Migrations\DatabaseMigrationRepository.php(156): Illuminate\Database\Schema\MySqlBuilder->hasTable('migrations')
#11 C:\xampp\htdocs\dev\laravel-magic-link\vendor\laravel\framework\src\Illuminate\Database\Migrations\Migrator.php(474): Illuminate\Database\Migrations\DatabaseMigrationRepository->repositoryExists()
#12 C:\xampp\htdocs\dev\laravel-magic-link\vendor\laravel\framework\src\Illuminate\Database\Console\Migrations\MigrateCommand.php(92): Illuminate\Database\Migrations\Migrator->repositoryExists()
#13 C:\xampp\htdocs\dev\laravel-magic-link\vendor\laravel\framework\src\Illuminate\Database\Console\Migrations\MigrateCommand.php(58): Illuminate\Database\Console\Migrations\MigrateCommand->prepareDatabase()
#14 [internal function]: Illuminate\Database\Console\Migrations\MigrateCommand->fire()
#15 C:\xampp\htdocs\dev\laravel-magic-link\vendor\laravel\framework\src\Illuminate\Container\Container.php(508): call_user_func_array(Array, Array)
#16 C:\xampp\htdocs\dev\laravel-magic-link\vendor\laravel\framework\src\Illuminate\Console\Command.php(169): Illuminate\Container\Container->call(Array)
#17 C:\xampp\htdocs\dev\laravel-magic-link\vendor\symfony\console\Command\Command.php(256): Illuminate\Console\Command->execute(Object(Symfony\Component\Console\Input\ArgvInput), Object(Symfony\Component\Console\Output\ConsoleOutput))
#18 C:\xampp\htdocs\dev\laravel-magic-link\vendor\laravel\framework\src\Illuminate\Console\Command.php(155): Symfony\Component\Console\Command\Command->run(Object(Symfony\Component\Console\Input\ArgvInput), Object(Symfony\Component\Console\Output\ConsoleOutput))
#19 C:\xampp\htdocs\dev\laravel-magic-link\vendor\symfony\console\Application.php(820): Illuminate\Console\Command->run(Object(Symfony\Component\Console\Input\ArgvInput), Object(Symfony\Component\Console\Output\ConsoleOutput))
#20 C:\xampp\htdocs\dev\laravel-magic-link\vendor\symfony\console\Application.php(187): Symfony\Component\Console\Application->doRunCommand(Object(Illuminate\Database\Console\Migrations\MigrateCommand), Object(Symfony\Component\Console\Input\ArgvInput), Object(Symfony\Component\Console\Output\ConsoleOutput))
#21 C:\xampp\htdocs\dev\laravel-magic-link\vendor\symfony\console\Application.php(118): Symfony\Component\Console\Application->doRun(Object(Symfony\Component\Console\Input\ArgvInput), Object(Symfony\Component\Console\Output\ConsoleOutput))
#22 C:\xampp\htdocs\dev\laravel-magic-link\vendor\laravel\framework\src\Illuminate\Foundation\Console\Kernel.php(122): Symfony\Component\Console\Application->run(Object(Symfony\Component\Console\Input\ArgvInput), Object(Symfony\Component\Console\Output\ConsoleOutput))
#23 C:\xampp\htdocs\dev\laravel-magic-link\artisan(36): Illuminate\Foundation\Console\Kernel->handle(Object(Symfony\Component\Console\Input\ArgvInput), Object(Symfony\Component\Console\Output\ConsoleOutput))
#24 {main}  
[2016-10-17 10:02:21] local.ERROR: exception 'PDOException' with message 'SQLSTATE[HY000] [1045] Access denied for user 'homestead'@'localhost' (using password: YES)' in C:\xampp\htdocs\dev\laravel-magic-link\vendor\laravel\framework\src\Illuminate\Database\Connectors\Connector.php:119
Stack trace:
#0 C:\xampp\htdocs\dev\laravel-magic-link\vendor\laravel\framework\src\Illuminate\Database\Connectors\Connector.php(119): PDO->__construct('mysql:host=127....', 'homestead', 'secret', Array)
#1 C:\xampp\htdocs\dev\laravel-magic-link\vendor\laravel\framework\src\Illuminate\Database\Connectors\Connector.php(56): Illuminate\Database\Connectors\Connector->createPdoConnection('mysql:host=127....', 'homestead', 'secret', Array)
#2 C:\xampp\htdocs\dev\laravel-magic-link\vendor\laravel\framework\src\Illuminate\Database\Connectors\MySqlConnector.php(24): Illuminate\Database\Connectors\Connector->createConnection('mysql:host=127....', Array, Array)
#3 C:\xampp\htdocs\dev\laravel-magic-link\vendor\laravel\framework\src\Illuminate\Database\Connectors\ConnectionFactory.php(100): Illuminate\Database\Connectors\MySqlConnector->connect(Array)
#4 [internal function]: Illuminate\Database\Connectors\ConnectionFactory->Illuminate\Database\Connectors\{closure}()
#5 C:\xampp\htdocs\dev\laravel-magic-link\vendor\laravel\framework\src\Illuminate\Database\Connection.php(956): call_user_func(Object(Closure))
#6 C:\xampp\htdocs\dev\laravel-magic-link\vendor\laravel\framework\src\Illuminate\Database\Connection.php(824): Illuminate\Database\Connection->getPdo()
#7 C:\xampp\htdocs\dev\laravel-magic-link\vendor\laravel\framework\src\Illuminate\Database\Connection.php(709): Illuminate\Database\Connection->reconnectIfMissingConnection()
#8 C:\xampp\htdocs\dev\laravel-magic-link\vendor\laravel\framework\src\Illuminate\Database\Connection.php(351): Illuminate\Database\Connection->run('select count(*)...', Array, Object(Closure))
#9 C:\xampp\htdocs\dev\laravel-magic-link\vendor\laravel\framework\src\Illuminate\Database\Query\Builder.php(1648): Illuminate\Database\Connection->select('select count(*)...', Array, false)
#10 C:\xampp\htdocs\dev\laravel-magic-link\vendor\laravel\framework\src\Illuminate\Database\Query\Builder.php(1634): Illuminate\Database\Query\Builder->runSelect()
#11 C:\xampp\htdocs\dev\laravel-magic-link\vendor\laravel\framework\src\Illuminate\Database\Query\Builder.php(2037): Illuminate\Database\Query\Builder->get(Array)
#12 C:\xampp\htdocs\dev\laravel-magic-link\vendor\laravel\framework\src\Illuminate\Database\Query\Builder.php(1957): Illuminate\Database\Query\Builder->aggregate('count', Array)
#13 C:\xampp\htdocs\dev\laravel-magic-link\vendor\laravel\framework\src\Illuminate\Validation\DatabasePresenceVerifier.php(65): Illuminate\Database\Query\Builder->count()
#14 C:\xampp\htdocs\dev\laravel-magic-link\vendor\laravel\framework\src\Illuminate\Validation\Validator.php(1442): Illuminate\Validation\DatabasePresenceVerifier->getCount('users', 'email', 'sawers@local.co...', NULL, NULL, Array)
#15 C:\xampp\htdocs\dev\laravel-magic-link\vendor\laravel\framework\src\Illuminate\Validation\Validator.php(556): Illuminate\Validation\Validator->validateUnique('email', 'sawers@local.co...', Array, Object(Illuminate\Validation\Validator))
#16 C:\xampp\htdocs\dev\laravel-magic-link\vendor\laravel\framework\src\Illuminate\Validation\Validator.php(470): Illuminate\Validation\Validator->validateAttribute('email', 'unique:users')
#17 C:\xampp\htdocs\dev\laravel-magic-link\vendor\laravel\framework\src\Illuminate\Validation\Validator.php(495): Illuminate\Validation\Validator->passes()
#18 C:\xampp\htdocs\dev\laravel-magic-link\vendor\laravel\framework\src\Illuminate\Validation\Validator.php(507): Illuminate\Validation\Validator->fails()
#19 C:\xampp\htdocs\dev\laravel-magic-link\vendor\laravel\framework\src\Illuminate\Foundation\Auth\RegistersUsers.php(31): Illuminate\Validation\Validator->validate()
#20 [internal function]: App\Http\Controllers\Auth\RegisterController->register(Object(Illuminate\Http\Request))
#21 C:\xampp\htdocs\dev\laravel-magic-link\vendor\laravel\framework\src\Illuminate\Routing\Controller.php(55): call_user_func_array(Array, Array)
#22 C:\xampp\htdocs\dev\laravel-magic-link\vendor\laravel\framework\src\Illuminate\Routing\ControllerDispatcher.php(44): Illuminate\Routing\Controller->callAction('register', Array)
#23 C:\xampp\htdocs\dev\laravel-magic-link\vendor\laravel\framework\src\Illuminate\Routing\Route.php(190): Illuminate\Routing\ControllerDispatcher->dispatch(Object(Illuminate\Routing\Route), Object(App\Http\Controllers\Auth\RegisterController), 'register')
#24 C:\xampp\htdocs\dev\laravel-magic-link\vendor\laravel\framework\src\Illuminate\Routing\Route.php(144): Illuminate\Routing\Route->runController()
#25 C:\xampp\htdocs\dev\laravel-magic-link\vendor\laravel\framework\src\Illuminate\Routing\Router.php(642): Illuminate\Routing\Route->run(Object(Illuminate\Http\Request))
#26 C:\xampp\htdocs\dev\laravel-magic-link\vendor\laravel\framework\src\Illuminate\Routing\Pipeline.php(53): Illuminate\Routing\Router->Illuminate\Routing\{closure}(Object(Illuminate\Http\Request))
#27 C:\xampp\htdocs\dev\laravel-magic-link\app\Http\Middleware\RedirectIfAuthenticated.php(24): Illuminate\Routing\Pipeline->Illuminate\Routing\{closure}(Object(Illuminate\Http\Request))
#28 C:\xampp\htdocs\dev\laravel-magic-link\vendor\laravel\framework\src\Illuminate\Pipeline\Pipeline.php(137): App\Http\Middleware\RedirectIfAuthenticated->handle(Object(Illuminate\Http\Request), Object(Closure))
#29 C:\xampp\htdocs\dev\laravel-magic-link\vendor\laravel\framework\src\Illuminate\Routing\Pipeline.php(33): Illuminate\Pipeline\Pipeline->Illuminate\Pipeline\{closure}(Object(Illuminate\Http\Request))
#30 C:\xampp\htdocs\dev\laravel-magic-link\vendor\laravel\framework\src\Illuminate\Routing\Middleware\SubstituteBindings.php(41): Illuminate\Routing\Pipeline->Illuminate\Routing\{closure}(Object(Illuminate\Http\Request))
#31 C:\xampp\htdocs\dev\laravel-magic-link\vendor\laravel\framework\src\Illuminate\Pipeline\Pipeline.php(137): Illuminate\Routing\Middleware\SubstituteBindings->handle(Object(Illuminate\Http\Request), Object(Closure))
#32 C:\xampp\htdocs\dev\laravel-magic-link\vendor\laravel\framework\src\Illuminate\Routing\Pipeline.php(33): Illuminate\Pipeline\Pipeline->Illuminate\Pipeline\{closure}(Object(Illuminate\Http\Request))
#33 C:\xampp\htdocs\dev\laravel-magic-link\vendor\laravel\framework\src\Illuminate\Foundation\Http\Middleware\VerifyCsrfToken.php(65): Illuminate\Routing\Pipeline->Illuminate\Routing\{closure}(Object(Illuminate\Http\Request))
#34 C:\xampp\htdocs\dev\laravel-magic-link\vendor\laravel\framework\src\Illuminate\Pipeline\Pipeline.php(137): Illuminate\Foundation\Http\Middleware\VerifyCsrfToken->handle(Object(Illuminate\Http\Request), Object(Closure))
#35 C:\xampp\htdocs\dev\laravel-magic-link\vendor\laravel\framework\src\Illuminate\Routing\Pipeline.php(33): Illuminate\Pipeline\Pipeline->Illuminate\Pipeline\{closure}(Object(Illuminate\Http\Request))
#36 C:\xampp\htdocs\dev\laravel-magic-link\vendor\laravel\framework\src\Illuminate\View\Middleware\ShareErrorsFromSession.php(49): Illuminate\Routing\Pipeline->Illuminate\Routing\{closure}(Object(Illuminate\Http\Request))
#37 C:\xampp\htdocs\dev\laravel-magic-link\vendor\laravel\framework\src\Illuminate\Pipeline\Pipeline.php(137): Illuminate\View\Middleware\ShareErrorsFromSession->handle(Object(Illuminate\Http\Request), Object(Closure))
#38 C:\xampp\htdocs\dev\laravel-magic-link\vendor\laravel\framework\src\Illuminate\Routing\Pipeline.php(33): Illuminate\Pipeline\Pipeline->Illuminate\Pipeline\{closure}(Object(Illuminate\Http\Request))
#39 C:\xampp\htdocs\dev\laravel-magic-link\vendor\laravel\framework\src\Illuminate\Session\Middleware\StartSession.php(64): Illuminate\Routing\Pipeline->Illuminate\Routing\{closure}(Object(Illuminate\Http\Request))
#40 C:\xampp\htdocs\dev\laravel-magic-link\vendor\laravel\framework\src\Illuminate\Pipeline\Pipeline.php(137): Illuminate\Session\Middleware\StartSession->handle(Object(Illuminate\Http\Request), Object(Closure))
#41 C:\xampp\htdocs\dev\laravel-magic-link\vendor\laravel\framework\src\Illuminate\Routing\Pipeline.php(33): Illuminate\Pipeline\Pipeline->Illuminate\Pipeline\{closure}(Object(Illuminate\Http\Request))
#42 C:\xampp\htdocs\dev\laravel-magic-link\vendor\laravel\framework\src\Illuminate\Cookie\Middleware\AddQueuedCookiesToResponse.php(37): Illuminate\Routing\Pipeline->Illuminate\Routing\{closure}(Object(Illuminate\Http\Request))
#43 C:\xampp\htdocs\dev\laravel-magic-link\vendor\laravel\framework\src\Illuminate\Pipeline\Pipeline.php(137): Illuminate\Cookie\Middleware\AddQueuedCookiesToResponse->handle(Object(Illuminate\Http\Request), Object(Closure))
#44 C:\xampp\htdocs\dev\laravel-magic-link\vendor\laravel\framework\src\Illuminate\Routing\Pipeline.php(33): Illuminate\Pipeline\Pipeline->Illuminate\Pipeline\{closure}(Object(Illuminate\Http\Request))
#45 C:\xampp\htdocs\dev\laravel-magic-link\vendor\laravel\framework\src\Illuminate\Cookie\Middleware\EncryptCookies.php(59): Illuminate\Routing\Pipeline->Illuminate\Routing\{closure}(Object(Illuminate\Http\Request))
#46 C:\xampp\htdocs\dev\laravel-magic-link\vendor\laravel\framework\src\Illuminate\Pipeline\Pipeline.php(137): Illuminate\Cookie\Middleware\EncryptCookies->handle(Object(Illuminate\Http\Request), Object(Closure))
#47 C:\xampp\htdocs\dev\laravel-magic-link\vendor\laravel\framework\src\Illuminate\Routing\Pipeline.php(33): Illuminate\Pipeline\Pipeline->Illuminate\Pipeline\{closure}(Object(Illuminate\Http\Request))
#48 C:\xampp\htdocs\dev\laravel-magic-link\vendor\laravel\framework\src\Illuminate\Pipeline\Pipeline.php(104): Illuminate\Routing\Pipeline->Illuminate\Routing\{closure}(Object(Illuminate\Http\Request))
#49 C:\xampp\htdocs\dev\laravel-magic-link\vendor\laravel\framework\src\Illuminate\Routing\Router.php(644): Illuminate\Pipeline\Pipeline->then(Object(Closure))
#50 C:\xampp\htdocs\dev\laravel-magic-link\vendor\laravel\framework\src\Illuminate\Routing\Router.php(618): Illuminate\Routing\Router->runRouteWithinStack(Object(Illuminate\Routing\Route), Object(Illuminate\Http\Request))
#51 C:\xampp\htdocs\dev\laravel-magic-link\vendor\laravel\framework\src\Illuminate\Routing\Router.php(596): Illuminate\Routing\Router->dispatchToRoute(Object(Illuminate\Http\Request))
#52 C:\xampp\htdocs\dev\laravel-magic-link\vendor\laravel\framework\src\Illuminate\Foundation\Http\Kernel.php(267): Illuminate\Routing\Router->dispatch(Object(Illuminate\Http\Request))
#53 C:\xampp\htdocs\dev\laravel-magic-link\vendor\laravel\framework\src\Illuminate\Routing\Pipeline.php(53): Illuminate\Foundation\Http\Kernel->Illuminate\Foundation\Http\{closure}(Object(Illuminate\Http\Request))
#54 C:\xampp\htdocs\dev\laravel-magic-link\vendor\laravel\framework\src\Illuminate\Foundation\Http\Middleware\CheckForMaintenanceMode.php(46): Illuminate\Routing\Pipeline->Illuminate\Routing\{closure}(Object(Illuminate\Http\Request))
#55 C:\xampp\htdocs\dev\laravel-magic-link\vendor\laravel\framework\src\Illuminate\Pipeline\Pipeline.php(137): Illuminate\Foundation\Http\Middleware\CheckForMaintenanceMode->handle(Object(Illuminate\Http\Request), Object(Closure))
#56 C:\xampp\htdocs\dev\laravel-magic-link\vendor\laravel\framework\src\Illuminate\Routing\Pipeline.php(33): Illuminate\Pipeline\Pipeline->Illuminate\Pipeline\{closure}(Object(Illuminate\Http\Request))
#57 C:\xampp\htdocs\dev\laravel-magic-link\vendor\laravel\framework\src\Illuminate\Pipeline\Pipeline.php(104): Illuminate\Routing\Pipeline->Illuminate\Routing\{closure}(Object(Illuminate\Http\Request))
#58 C:\xampp\htdocs\dev\laravel-magic-link\vendor\laravel\framework\src\Illuminate\Foundation\Http\Kernel.php(149): Illuminate\Pipeline\Pipeline->then(Object(Closure))
#59 C:\xampp\htdocs\dev\laravel-magic-link\vendor\laravel\framework\src\Illuminate\Foundation\Http\Kernel.php(116): Illuminate\Foundation\Http\Kernel->sendRequestThroughRouter(Object(Illuminate\Http\Request))
#60 C:\xampp\htdocs\dev\laravel-magic-link\public\index.php(54): Illuminate\Foundation\Http\Kernel->handle(Object(Illuminate\Http\Request))
#61 C:\xampp\htdocs\dev\laravel-magic-link\server.php(21): require_once('C:\\xampp\\htdocs...')
#62 {main}  
[2016-10-17 10:09:38] local.ERROR: exception 'ReflectionException' with message 'Class App\Http\Controllers\MagicLoginController does not exist' in C:\xampp\htdocs\dev\laravel-magic-link\vendor\laravel\framework\src\Illuminate\Container\Container.php:749
Stack trace:
#0 C:\xampp\htdocs\dev\laravel-magic-link\vendor\laravel\framework\src\Illuminate\Container\Container.php(749): ReflectionClass->__construct('App\\Http\\Contro...')
#1 C:\xampp\htdocs\dev\laravel-magic-link\vendor\laravel\framework\src\Illuminate\Container\Container.php(644): Illuminate\Container\Container->build('App\\Http\\Contro...', Array)
#2 C:\xampp\htdocs\dev\laravel-magic-link\vendor\laravel\framework\src\Illuminate\Foundation\Application.php(709): Illuminate\Container\Container->make('App\\Http\\Contro...', Array)
#3 C:\xampp\htdocs\dev\laravel-magic-link\vendor\laravel\framework\src\Illuminate\Routing\Route.php(203): Illuminate\Foundation\Application->make('App\\Http\\Contro...')
#4 C:\xampp\htdocs\dev\laravel-magic-link\vendor\laravel\framework\src\Illuminate\Routing\Route.php(316): Illuminate\Routing\Route->getController()
#5 C:\xampp\htdocs\dev\laravel-magic-link\vendor\laravel\framework\src\Illuminate\Routing\Route.php(278): Illuminate\Routing\Route->controllerMiddleware()
#6 C:\xampp\htdocs\dev\laravel-magic-link\vendor\laravel\framework\src\Illuminate\Routing\Router.php(655): Illuminate\Routing\Route->gatherMiddleware()
#7 C:\xampp\htdocs\dev\laravel-magic-link\vendor\laravel\framework\src\Illuminate\Routing\Router.php(635): Illuminate\Routing\Router->gatherRouteMiddleware(Object(Illuminate\Routing\Route))
#8 C:\xampp\htdocs\dev\laravel-magic-link\vendor\laravel\framework\src\Illuminate\Routing\Router.php(618): Illuminate\Routing\Router->runRouteWithinStack(Object(Illuminate\Routing\Route), Object(Illuminate\Http\Request))
#9 C:\xampp\htdocs\dev\laravel-magic-link\vendor\laravel\framework\src\Illuminate\Routing\Router.php(596): Illuminate\Routing\Router->dispatchToRoute(Object(Illuminate\Http\Request))
#10 C:\xampp\htdocs\dev\laravel-magic-link\vendor\laravel\framework\src\Illuminate\Foundation\Http\Kernel.php(267): Illuminate\Routing\Router->dispatch(Object(Illuminate\Http\Request))
#11 C:\xampp\htdocs\dev\laravel-magic-link\vendor\laravel\framework\src\Illuminate\Routing\Pipeline.php(53): Illuminate\Foundation\Http\Kernel->Illuminate\Foundation\Http\{closure}(Object(Illuminate\Http\Request))
#12 C:\xampp\htdocs\dev\laravel-magic-link\vendor\laravel\framework\src\Illuminate\Foundation\Http\Middleware\CheckForMaintenanceMode.php(46): Illuminate\Routing\Pipeline->Illuminate\Routing\{closure}(Object(Illuminate\Http\Request))
#13 C:\xampp\htdocs\dev\laravel-magic-link\vendor\laravel\framework\src\Illuminate\Pipeline\Pipeline.php(137): Illuminate\Foundation\Http\Middleware\CheckForMaintenanceMode->handle(Object(Illuminate\Http\Request), Object(Closure))
#14 C:\xampp\htdocs\dev\laravel-magic-link\vendor\laravel\framework\src\Illuminate\Routing\Pipeline.php(33): Illuminate\Pipeline\Pipeline->Illuminate\Pipeline\{closure}(Object(Illuminate\Http\Request))
#15 C:\xampp\htdocs\dev\laravel-magic-link\vendor\laravel\framework\src\Illuminate\Pipeline\Pipeline.php(104): Illuminate\Routing\Pipeline->Illuminate\Routing\{closure}(Object(Illuminate\Http\Request))
#16 C:\xampp\htdocs\dev\laravel-magic-link\vendor\laravel\framework\src\Illuminate\Foundation\Http\Kernel.php(149): Illuminate\Pipeline\Pipeline->then(Object(Closure))
#17 C:\xampp\htdocs\dev\laravel-magic-link\vendor\laravel\framework\src\Illuminate\Foundation\Http\Kernel.php(116): Illuminate\Foundation\Http\Kernel->sendRequestThroughRouter(Object(Illuminate\Http\Request))
#18 C:\xampp\htdocs\dev\laravel-magic-link\public\index.php(54): Illuminate\Foundation\Http\Kernel->handle(Object(Illuminate\Http\Request))
#19 C:\xampp\htdocs\dev\laravel-magic-link\server.php(21): require_once('C:\\xampp\\htdocs...')
#20 {main}  
[2016-10-17 10:09:38] local.ERROR: exception 'ReflectionException' with message 'Class App\Http\Controllers\MagicLoginController does not exist' in C:\xampp\htdocs\dev\laravel-magic-link\vendor\laravel\framework\src\Illuminate\Container\Container.php:749
Stack trace:
#0 C:\xampp\htdocs\dev\laravel-magic-link\vendor\laravel\framework\src\Illuminate\Container\Container.php(749): ReflectionClass->__construct('App\\Http\\Contro...')
#1 C:\xampp\htdocs\dev\laravel-magic-link\vendor\laravel\framework\src\Illuminate\Container\Container.php(644): Illuminate\Container\Container->build('App\\Http\\Contro...', Array)
#2 C:\xampp\htdocs\dev\laravel-magic-link\vendor\laravel\framework\src\Illuminate\Foundation\Application.php(709): Illuminate\Container\Container->make('App\\Http\\Contro...', Array)
#3 C:\xampp\htdocs\dev\laravel-magic-link\vendor\laravel\framework\src\Illuminate\Routing\Route.php(203): Illuminate\Foundation\Application->make('App\\Http\\Contro...')
#4 C:\xampp\htdocs\dev\laravel-magic-link\vendor\laravel\framework\src\Illuminate\Routing\Route.php(316): Illuminate\Routing\Route->getController()
#5 C:\xampp\htdocs\dev\laravel-magic-link\vendor\laravel\framework\src\Illuminate\Routing\Route.php(278): Illuminate\Routing\Route->controllerMiddleware()
#6 C:\xampp\htdocs\dev\laravel-magic-link\vendor\laravel\framework\src\Illuminate\Routing\Router.php(655): Illuminate\Routing\Route->gatherMiddleware()
#7 C:\xampp\htdocs\dev\laravel-magic-link\vendor\laravel\framework\src\Illuminate\Foundation\Http\Kernel.php(192): Illuminate\Routing\Router->gatherRouteMiddleware(Object(Illuminate\Routing\Route))
#8 C:\xampp\htdocs\dev\laravel-magic-link\vendor\laravel\framework\src\Illuminate\Foundation\Http\Kernel.php(162): Illuminate\Foundation\Http\Kernel->gatherRouteMiddleware(Object(Illuminate\Http\Request))
#9 C:\xampp\htdocs\dev\laravel-magic-link\public\index.php(58): Illuminate\Foundation\Http\Kernel->terminate(Object(Illuminate\Http\Request), Object(Illuminate\Http\Response))
#10 C:\xampp\htdocs\dev\laravel-magic-link\server.php(21): require_once('C:\\xampp\\htdocs...')
#11 {main}  
[2016-10-17 11:10:09] local.ERROR: exception 'Symfony\Component\Console\Exception\RuntimeException' with message 'Not enough arguments (missing: "name").' in C:\xampp\htdocs\dev\laravel-magic-link\vendor\symfony\console\Input\Input.php:83
Stack trace:
#0 C:\xampp\htdocs\dev\laravel-magic-link\vendor\symfony\console\Command\Command.php(251): Symfony\Component\Console\Input\Input->validate()
#1 C:\xampp\htdocs\dev\laravel-magic-link\vendor\laravel\framework\src\Illuminate\Console\Command.php(155): Symfony\Component\Console\Command\Command->run(Object(Symfony\Component\Console\Input\ArgvInput), Object(Symfony\Component\Console\Output\ConsoleOutput))
#2 C:\xampp\htdocs\dev\laravel-magic-link\vendor\symfony\console\Application.php(820): Illuminate\Console\Command->run(Object(Symfony\Component\Console\Input\ArgvInput), Object(Symfony\Component\Console\Output\ConsoleOutput))
#3 C:\xampp\htdocs\dev\laravel-magic-link\vendor\symfony\console\Application.php(187): Symfony\Component\Console\Application->doRunCommand(Object(Illuminate\Foundation\Console\MailMakeCommand), Object(Symfony\Component\Console\Input\ArgvInput), Object(Symfony\Component\Console\Output\ConsoleOutput))
#4 C:\xampp\htdocs\dev\laravel-magic-link\vendor\symfony\console\Application.php(118): Symfony\Component\Console\Application->doRun(Object(Symfony\Component\Console\Input\ArgvInput), Object(Symfony\Component\Console\Output\ConsoleOutput))
#5 C:\xampp\htdocs\dev\laravel-magic-link\vendor\laravel\framework\src\Illuminate\Foundation\Console\Kernel.php(122): Symfony\Component\Console\Application->run(Object(Symfony\Component\Console\Input\ArgvInput), Object(Symfony\Component\Console\Output\ConsoleOutput))
#6 C:\xampp\htdocs\dev\laravel-magic-link\artisan(36): Illuminate\Foundation\Console\Kernel->handle(Object(Symfony\Component\Console\Input\ArgvInput), Object(Symfony\Component\Console\Output\ConsoleOutput))
#7 {main}  
